[INFO  - 2018-02-09T11:22:16.288Z] GhostDriver - Main - running on port 4597
[INFO  - 2018-02-09T11:22:18.538Z] Session [7d1b0c60-0d8b-11e8-827f-6d67200ee4a7] - page.settings - {"XSSAuditingEnabled":false,"javascriptCanCloseWindows":true,"javascriptCanOpenWindows":true,"javascriptEnabled":true,"loadImages":true,"localToRemoteUrlAccessEnabled":false,"userAgent":"Mozilla/5.0 (Unknown; Linux x86_64) AppleWebKit/538.1 (KHTML, like Gecko) PhantomJS/2.1.1 Safari/538.1","webSecurityEnabled":true}
[INFO  - 2018-02-09T11:22:18.538Z] Session [7d1b0c60-0d8b-11e8-827f-6d67200ee4a7] - page.customHeaders:  - {}
[INFO  - 2018-02-09T11:22:18.538Z] Session [7d1b0c60-0d8b-11e8-827f-6d67200ee4a7] - Session.negotiatedCapabilities - {"browserName":"phantomjs","version":"2.1.1","driverName":"ghostdriver","driverVersion":"1.2.0","platform":"linux-unknown-64bit","javascriptEnabled":true,"takesScreenshot":true,"handlesAlerts":false,"databaseEnabled":false,"locationContextEnabled":false,"applicationCacheEnabled":false,"browserConnectionEnabled":false,"cssSelectorsEnabled":true,"webStorageEnabled":false,"rotatable":false,"acceptSslCerts":false,"nativeEvents":true,"proxy":{"proxyType":"direct"}}
[INFO  - 2018-02-09T11:22:18.538Z] SessionManagerReqHand - _postNewSessionCommand - New Session Created: 7d1b0c60-0d8b-11e8-827f-6d67200ee4a7
[ERROR - 2018-02-09T11:22:20.141Z] Session [7d1b0c60-0d8b-11e8-827f-6d67200ee4a7] - page.onError - msg: TypeError: null is not an object (evaluating 'e.addEventListener')
[ERROR - 2018-02-09T11:22:20.144Z] Session [7d1b0c60-0d8b-11e8-827f-6d67200ee4a7] - page.onError - stack:
  (anonymous function) (http://127.0.0.1:8000/static/dist/js/index.js:1)
[ERROR - 2018-02-09T11:22:20.599Z] Session [7d1b0c60-0d8b-11e8-827f-6d67200ee4a7] - page.onError - msg: TypeError: null is not an object (evaluating 'e.addEventListener')
[ERROR - 2018-02-09T11:22:20.599Z] Session [7d1b0c60-0d8b-11e8-827f-6d67200ee4a7] - page.onError - stack:
  (anonymous function) (http://127.0.0.1:8000/static/dist/js/index.js:1)
[ERROR - 2018-02-09T11:22:22.203Z] RouterReqHand - _handle.error - {"name":"Variable Resource Not Found","message":"{\"headers\":{\"Accept\":\"text/html, image/gif, image/jpeg, *; q=.2, */*; q=.2\",\"Cache-Control\":\"no-cache\",\"Connection\":\"close\",\"Host\":\"localhost:4597\",\"Pragma\":\"no-cache\",\"User-Agent\":\"Java/1.8.0_151\"},\"httpVersion\":\"1.1\",\"method\":\"DELETE\",\"url\":\"/session/7d1b0c60-0d8b-11e8-827f-6d67200ee4a7\",\"urlParsed\":{\"anchor\":\"\",\"query\":\"\",\"file\":\"7d1b0c60-0d8b-11e8-827f-6d67200ee4a7\",\"directory\":\"/session/\",\"path\":\"/session/7d1b0c60-0d8b-11e8-827f-6d67200ee4a7\",\"relative\":\"/session/7d1b0c60-0d8b-11e8-827f-6d67200ee4a7\",\"port\":\"\",\"host\":\"\",\"password\":\"\",\"user\":\"\",\"userInfo\":\"\",\"authority\":\"\",\"protocol\":\"\",\"source\":\"/session/7d1b0c60-0d8b-11e8-827f-6d67200ee4a7\",\"queryKey\":{},\"chunks\":[\"session\",\"7d1b0c60-0d8b-11e8-827f-6d67200ee4a7\"]}}","line":123,"sourceURL":"phantomjs://code/session_manager_request_handler.js","stack":"_deleteSessionCommand@phantomjs://code/session_manager_request_handler.js:123:74\n_handle@phantomjs://code/session_manager_request_handler.js:53:38\n_handle@phantomjs://code/router_request_handler.js:70:37"}
[INFO  - 2018-02-09T11:22:22.208Z] ShutdownReqHand - _handle - About to shutdown
[INFO  - 2018-02-09T12:01:55.071Z] GhostDriver - Main - running on port 8743
[INFO  - 2018-02-09T12:01:56.416Z] Session [066e96d0-0d91-11e8-8c8e-c7d7351ad6aa] - page.settings - {"XSSAuditingEnabled":false,"javascriptCanCloseWindows":true,"javascriptCanOpenWindows":true,"javascriptEnabled":true,"loadImages":true,"localToRemoteUrlAccessEnabled":false,"userAgent":"Mozilla/5.0 (Unknown; Linux x86_64) AppleWebKit/538.1 (KHTML, like Gecko) PhantomJS/2.1.1 Safari/538.1","webSecurityEnabled":true}
[INFO  - 2018-02-09T12:01:56.416Z] Session [066e96d0-0d91-11e8-8c8e-c7d7351ad6aa] - page.customHeaders:  - {}
[INFO  - 2018-02-09T12:01:56.423Z] Session [066e96d0-0d91-11e8-8c8e-c7d7351ad6aa] - Session.negotiatedCapabilities - {"browserName":"phantomjs","version":"2.1.1","driverName":"ghostdriver","driverVersion":"1.2.0","platform":"linux-unknown-64bit","javascriptEnabled":true,"takesScreenshot":true,"handlesAlerts":false,"databaseEnabled":false,"locationContextEnabled":false,"applicationCacheEnabled":false,"browserConnectionEnabled":false,"cssSelectorsEnabled":true,"webStorageEnabled":false,"rotatable":false,"acceptSslCerts":false,"nativeEvents":true,"proxy":{"proxyType":"direct"}}
[INFO  - 2018-02-09T12:01:56.423Z] SessionManagerReqHand - _postNewSessionCommand - New Session Created: 066e96d0-0d91-11e8-8c8e-c7d7351ad6aa
[ERROR - 2018-02-09T12:01:58.979Z] Session [066e96d0-0d91-11e8-8c8e-c7d7351ad6aa] - page.onError - msg: TypeError: null is not an object (evaluating 'e.addEventListener')
[ERROR - 2018-02-09T12:01:58.980Z] Session [066e96d0-0d91-11e8-8c8e-c7d7351ad6aa] - page.onError - stack:
  (anonymous function) (http://127.0.0.1:8000/static/dist/js/index.js:1)
[ERROR - 2018-02-09T12:02:00.300Z] Session [066e96d0-0d91-11e8-8c8e-c7d7351ad6aa] - page.onError - msg: TypeError: null is not an object (evaluating 'e.addEventListener')
[ERROR - 2018-02-09T12:02:00.301Z] Session [066e96d0-0d91-11e8-8c8e-c7d7351ad6aa] - page.onError - stack:
  (anonymous function) (http://127.0.0.1:8000/static/dist/js/index.js:1)
[ERROR - 2018-02-09T12:02:02.429Z] RouterReqHand - _handle.error - {"name":"Variable Resource Not Found","message":"{\"headers\":{\"Accept\":\"text/html, image/gif, image/jpeg, *; q=.2, */*; q=.2\",\"Cache-Control\":\"no-cache\",\"Connection\":\"close\",\"Host\":\"localhost:8743\",\"Pragma\":\"no-cache\",\"User-Agent\":\"Java/1.8.0_151\"},\"httpVersion\":\"1.1\",\"method\":\"DELETE\",\"url\":\"/session/066e96d0-0d91-11e8-8c8e-c7d7351ad6aa\",\"urlParsed\":{\"anchor\":\"\",\"query\":\"\",\"file\":\"066e96d0-0d91-11e8-8c8e-c7d7351ad6aa\",\"directory\":\"/session/\",\"path\":\"/session/066e96d0-0d91-11e8-8c8e-c7d7351ad6aa\",\"relative\":\"/session/066e96d0-0d91-11e8-8c8e-c7d7351ad6aa\",\"port\":\"\",\"host\":\"\",\"password\":\"\",\"user\":\"\",\"userInfo\":\"\",\"authority\":\"\",\"protocol\":\"\",\"source\":\"/session/066e96d0-0d91-11e8-8c8e-c7d7351ad6aa\",\"queryKey\":{},\"chunks\":[\"session\",\"066e96d0-0d91-11e8-8c8e-c7d7351ad6aa\"]}}","line":123,"sourceURL":"phantomjs://code/session_manager_request_handler.js","stack":"_deleteSessionCommand@phantomjs://code/session_manager_request_handler.js:123:74\n_handle@phantomjs://code/session_manager_request_handler.js:53:38\n_handle@phantomjs://code/router_request_handler.js:70:37"}
[INFO  - 2018-02-09T12:02:02.433Z] ShutdownReqHand - _handle - About to shutdown
[INFO  - 2018-02-09T12:06:53.539Z] GhostDriver - Main - running on port 19309
[INFO  - 2018-02-09T12:06:53.832Z] Session [b7b4ab50-0d91-11e8-82cf-7ffe37187a3f] - page.settings - {"XSSAuditingEnabled":false,"javascriptCanCloseWindows":true,"javascriptCanOpenWindows":true,"javascriptEnabled":true,"loadImages":true,"localToRemoteUrlAccessEnabled":false,"userAgent":"Mozilla/5.0 (Unknown; Linux x86_64) AppleWebKit/538.1 (KHTML, like Gecko) PhantomJS/2.1.1 Safari/538.1","webSecurityEnabled":true}
[INFO  - 2018-02-09T12:06:53.832Z] Session [b7b4ab50-0d91-11e8-82cf-7ffe37187a3f] - page.customHeaders:  - {}
[INFO  - 2018-02-09T12:06:53.832Z] Session [b7b4ab50-0d91-11e8-82cf-7ffe37187a3f] - Session.negotiatedCapabilities - {"browserName":"phantomjs","version":"2.1.1","driverName":"ghostdriver","driverVersion":"1.2.0","platform":"linux-unknown-64bit","javascriptEnabled":true,"takesScreenshot":true,"handlesAlerts":false,"databaseEnabled":false,"locationContextEnabled":false,"applicationCacheEnabled":false,"browserConnectionEnabled":false,"cssSelectorsEnabled":true,"webStorageEnabled":false,"rotatable":false,"acceptSslCerts":false,"nativeEvents":true,"proxy":{"proxyType":"direct"}}
[INFO  - 2018-02-09T12:06:53.833Z] SessionManagerReqHand - _postNewSessionCommand - New Session Created: b7b4ab50-0d91-11e8-82cf-7ffe37187a3f
[ERROR - 2018-02-09T12:06:54.292Z] RouterReqHand - _handle.error - {"name":"Variable Resource Not Found","message":"{\"headers\":{\"Accept\":\"text/html, image/gif, image/jpeg, *; q=.2, */*; q=.2\",\"Cache-Control\":\"no-cache\",\"Connection\":\"close\",\"Host\":\"localhost:19309\",\"Pragma\":\"no-cache\",\"User-Agent\":\"Java/1.8.0_151\"},\"httpVersion\":\"1.1\",\"method\":\"DELETE\",\"url\":\"/session/b7b4ab50-0d91-11e8-82cf-7ffe37187a3f\",\"urlParsed\":{\"anchor\":\"\",\"query\":\"\",\"file\":\"b7b4ab50-0d91-11e8-82cf-7ffe37187a3f\",\"directory\":\"/session/\",\"path\":\"/session/b7b4ab50-0d91-11e8-82cf-7ffe37187a3f\",\"relative\":\"/session/b7b4ab50-0d91-11e8-82cf-7ffe37187a3f\",\"port\":\"\",\"host\":\"\",\"password\":\"\",\"user\":\"\",\"userInfo\":\"\",\"authority\":\"\",\"protocol\":\"\",\"source\":\"/session/b7b4ab50-0d91-11e8-82cf-7ffe37187a3f\",\"queryKey\":{},\"chunks\":[\"session\",\"b7b4ab50-0d91-11e8-82cf-7ffe37187a3f\"]}}","line":123,"sourceURL":"phantomjs://code/session_manager_request_handler.js","stack":"_deleteSessionCommand@phantomjs://code/session_manager_request_handler.js:123:74\n_handle@phantomjs://code/session_manager_request_handler.js:53:38\n_handle@phantomjs://code/router_request_handler.js:70:37"}
[INFO  - 2018-02-09T12:06:54.297Z] ShutdownReqHand - _handle - About to shutdown
[INFO  - 2018-02-09T12:07:27.078Z] GhostDriver - Main - running on port 24739
[INFO  - 2018-02-09T12:07:27.203Z] Session [cb9838d0-0d91-11e8-8cc9-1bda9bf7ca17] - page.settings - {"XSSAuditingEnabled":false,"javascriptCanCloseWindows":true,"javascriptCanOpenWindows":true,"javascriptEnabled":true,"loadImages":true,"localToRemoteUrlAccessEnabled":false,"userAgent":"Mozilla/5.0 (Unknown; Linux x86_64) AppleWebKit/538.1 (KHTML, like Gecko) PhantomJS/2.1.1 Safari/538.1","webSecurityEnabled":true}
[INFO  - 2018-02-09T12:07:27.203Z] Session [cb9838d0-0d91-11e8-8cc9-1bda9bf7ca17] - page.customHeaders:  - {}
[INFO  - 2018-02-09T12:07:27.203Z] Session [cb9838d0-0d91-11e8-8cc9-1bda9bf7ca17] - Session.negotiatedCapabilities - {"browserName":"phantomjs","version":"2.1.1","driverName":"ghostdriver","driverVersion":"1.2.0","platform":"linux-unknown-64bit","javascriptEnabled":true,"takesScreenshot":true,"handlesAlerts":false,"databaseEnabled":false,"locationContextEnabled":false,"applicationCacheEnabled":false,"browserConnectionEnabled":false,"cssSelectorsEnabled":true,"webStorageEnabled":false,"rotatable":false,"acceptSslCerts":false,"nativeEvents":true,"proxy":{"proxyType":"direct"}}
[INFO  - 2018-02-09T12:07:27.203Z] SessionManagerReqHand - _postNewSessionCommand - New Session Created: cb9838d0-0d91-11e8-8cc9-1bda9bf7ca17
[ERROR - 2018-02-09T12:07:28.582Z] Session [cb9838d0-0d91-11e8-8cc9-1bda9bf7ca17] - page.onError - msg: TypeError: null is not an object (evaluating 'e.addEventListener')
[ERROR - 2018-02-09T12:07:28.583Z] Session [cb9838d0-0d91-11e8-8cc9-1bda9bf7ca17] - page.onError - stack:
  (anonymous function) (http://127.0.0.1:8000/static/dist/js/index.js:1)
[ERROR - 2018-02-09T12:07:29.183Z] Session [cb9838d0-0d91-11e8-8cc9-1bda9bf7ca17] - page.onError - msg: TypeError: null is not an object (evaluating 'e.addEventListener')
[ERROR - 2018-02-09T12:07:29.183Z] Session [cb9838d0-0d91-11e8-8cc9-1bda9bf7ca17] - page.onError - stack:
  (anonymous function) (http://127.0.0.1:8000/static/dist/js/index.js:1)
[ERROR - 2018-02-09T12:07:30.767Z] RouterReqHand - _handle.error - {"name":"Variable Resource Not Found","message":"{\"headers\":{\"Accept\":\"text/html, image/gif, image/jpeg, *; q=.2, */*; q=.2\",\"Cache-Control\":\"no-cache\",\"Connection\":\"close\",\"Host\":\"localhost:24739\",\"Pragma\":\"no-cache\",\"User-Agent\":\"Java/1.8.0_151\"},\"httpVersion\":\"1.1\",\"method\":\"DELETE\",\"url\":\"/session/cb9838d0-0d91-11e8-8cc9-1bda9bf7ca17\",\"urlParsed\":{\"anchor\":\"\",\"query\":\"\",\"file\":\"cb9838d0-0d91-11e8-8cc9-1bda9bf7ca17\",\"directory\":\"/session/\",\"path\":\"/session/cb9838d0-0d91-11e8-8cc9-1bda9bf7ca17\",\"relative\":\"/session/cb9838d0-0d91-11e8-8cc9-1bda9bf7ca17\",\"port\":\"\",\"host\":\"\",\"password\":\"\",\"user\":\"\",\"userInfo\":\"\",\"authority\":\"\",\"protocol\":\"\",\"source\":\"/session/cb9838d0-0d91-11e8-8cc9-1bda9bf7ca17\",\"queryKey\":{},\"chunks\":[\"session\",\"cb9838d0-0d91-11e8-8cc9-1bda9bf7ca17\"]}}","line":123,"sourceURL":"phantomjs://code/session_manager_request_handler.js","stack":"_deleteSessionCommand@phantomjs://code/session_manager_request_handler.js:123:74\n_handle@phantomjs://code/session_manager_request_handler.js:53:38\n_handle@phantomjs://code/router_request_handler.js:70:37"}
[INFO  - 2018-02-09T12:07:30.772Z] ShutdownReqHand - _handle - About to shutdown
[INFO  - 2018-02-09T12:10:20.904Z] GhostDriver - Main - running on port 11248
[INFO  - 2018-02-09T12:10:21.198Z] Session [334e35b0-0d92-11e8-b8f1-cfbe08d3d941] - page.settings - {"XSSAuditingEnabled":false,"javascriptCanCloseWindows":true,"javascriptCanOpenWindows":true,"javascriptEnabled":true,"loadImages":true,"localToRemoteUrlAccessEnabled":false,"userAgent":"Mozilla/5.0 (Unknown; Linux x86_64) AppleWebKit/538.1 (KHTML, like Gecko) PhantomJS/2.1.1 Safari/538.1","webSecurityEnabled":true}
[INFO  - 2018-02-09T12:10:21.199Z] Session [334e35b0-0d92-11e8-b8f1-cfbe08d3d941] - page.customHeaders:  - {}
[INFO  - 2018-02-09T12:10:21.199Z] Session [334e35b0-0d92-11e8-b8f1-cfbe08d3d941] - Session.negotiatedCapabilities - {"browserName":"phantomjs","version":"2.1.1","driverName":"ghostdriver","driverVersion":"1.2.0","platform":"linux-unknown-64bit","javascriptEnabled":true,"takesScreenshot":true,"handlesAlerts":false,"databaseEnabled":false,"locationContextEnabled":false,"applicationCacheEnabled":false,"browserConnectionEnabled":false,"cssSelectorsEnabled":true,"webStorageEnabled":false,"rotatable":false,"acceptSslCerts":false,"nativeEvents":true,"proxy":{"proxyType":"direct"}}
[INFO  - 2018-02-09T12:10:21.199Z] SessionManagerReqHand - _postNewSessionCommand - New Session Created: 334e35b0-0d92-11e8-b8f1-cfbe08d3d941
[ERROR - 2018-02-09T12:10:21.831Z] Session [334e35b0-0d92-11e8-b8f1-cfbe08d3d941] - page.onError - msg: TypeError: null is not an object (evaluating 'e.addEventListener')
[ERROR - 2018-02-09T12:10:21.833Z] Session [334e35b0-0d92-11e8-b8f1-cfbe08d3d941] - page.onError - stack:
  (anonymous function) (http://127.0.0.1:8000/static/dist/js/index.js:1)
[ERROR - 2018-02-09T12:10:22.316Z] Session [334e35b0-0d92-11e8-b8f1-cfbe08d3d941] - page.onError - msg: TypeError: null is not an object (evaluating 'e.addEventListener')
[ERROR - 2018-02-09T12:10:22.317Z] Session [334e35b0-0d92-11e8-b8f1-cfbe08d3d941] - page.onError - stack:
  (anonymous function) (http://127.0.0.1:8000/static/dist/js/index.js:1)
[ERROR - 2018-02-09T12:10:23.806Z] RouterReqHand - _handle.error - {"name":"Variable Resource Not Found","message":"{\"headers\":{\"Accept\":\"text/html, image/gif, image/jpeg, *; q=.2, */*; q=.2\",\"Cache-Control\":\"no-cache\",\"Connection\":\"close\",\"Host\":\"localhost:11248\",\"Pragma\":\"no-cache\",\"User-Agent\":\"Java/1.8.0_151\"},\"httpVersion\":\"1.1\",\"method\":\"DELETE\",\"url\":\"/session/334e35b0-0d92-11e8-b8f1-cfbe08d3d941\",\"urlParsed\":{\"anchor\":\"\",\"query\":\"\",\"file\":\"334e35b0-0d92-11e8-b8f1-cfbe08d3d941\",\"directory\":\"/session/\",\"path\":\"/session/334e35b0-0d92-11e8-b8f1-cfbe08d3d941\",\"relative\":\"/session/334e35b0-0d92-11e8-b8f1-cfbe08d3d941\",\"port\":\"\",\"host\":\"\",\"password\":\"\",\"user\":\"\",\"userInfo\":\"\",\"authority\":\"\",\"protocol\":\"\",\"source\":\"/session/334e35b0-0d92-11e8-b8f1-cfbe08d3d941\",\"queryKey\":{},\"chunks\":[\"session\",\"334e35b0-0d92-11e8-b8f1-cfbe08d3d941\"]}}","line":123,"sourceURL":"phantomjs://code/session_manager_request_handler.js","stack":"_deleteSessionCommand@phantomjs://code/session_manager_request_handler.js:123:74\n_handle@phantomjs://code/session_manager_request_handler.js:53:38\n_handle@phantomjs://code/router_request_handler.js:70:37"}
[INFO  - 2018-02-09T12:10:23.811Z] ShutdownReqHand - _handle - About to shutdown
[INFO  - 2018-02-09T12:18:46.994Z] GhostDriver - Main - running on port 24352
[INFO  - 2018-02-09T12:18:47.299Z] Session [60f6f0f0-0d93-11e8-acea-43b85b63b64e] - page.settings - {"XSSAuditingEnabled":false,"javascriptCanCloseWindows":true,"javascriptCanOpenWindows":true,"javascriptEnabled":true,"loadImages":true,"localToRemoteUrlAccessEnabled":false,"userAgent":"Mozilla/5.0 (Unknown; Linux x86_64) AppleWebKit/538.1 (KHTML, like Gecko) PhantomJS/2.1.1 Safari/538.1","webSecurityEnabled":true}
[INFO  - 2018-02-09T12:18:47.299Z] Session [60f6f0f0-0d93-11e8-acea-43b85b63b64e] - page.customHeaders:  - {}
[INFO  - 2018-02-09T12:18:47.299Z] Session [60f6f0f0-0d93-11e8-acea-43b85b63b64e] - Session.negotiatedCapabilities - {"browserName":"phantomjs","version":"2.1.1","driverName":"ghostdriver","driverVersion":"1.2.0","platform":"linux-unknown-64bit","javascriptEnabled":true,"takesScreenshot":true,"handlesAlerts":false,"databaseEnabled":false,"locationContextEnabled":false,"applicationCacheEnabled":false,"browserConnectionEnabled":false,"cssSelectorsEnabled":true,"webStorageEnabled":false,"rotatable":false,"acceptSslCerts":false,"nativeEvents":true,"proxy":{"proxyType":"direct"}}
[INFO  - 2018-02-09T12:18:47.300Z] SessionManagerReqHand - _postNewSessionCommand - New Session Created: 60f6f0f0-0d93-11e8-acea-43b85b63b64e
[ERROR - 2018-02-09T12:18:47.967Z] Session [60f6f0f0-0d93-11e8-acea-43b85b63b64e] - page.onError - msg: TypeError: null is not an object (evaluating 'e.addEventListener')
[ERROR - 2018-02-09T12:18:47.968Z] Session [60f6f0f0-0d93-11e8-acea-43b85b63b64e] - page.onError - stack:
  (anonymous function) (http://127.0.0.1:8000/static/dist/js/index.js:1)
[ERROR - 2018-02-09T12:18:48.584Z] Session [60f6f0f0-0d93-11e8-acea-43b85b63b64e] - page.onError - msg: TypeError: null is not an object (evaluating 'e.addEventListener')
[ERROR - 2018-02-09T12:18:48.584Z] Session [60f6f0f0-0d93-11e8-acea-43b85b63b64e] - page.onError - stack:
  (anonymous function) (http://127.0.0.1:8000/static/dist/js/index.js:1)
[ERROR - 2018-02-09T12:18:50.593Z] RouterReqHand - _handle.error - {"name":"Variable Resource Not Found","message":"{\"headers\":{\"Accept\":\"text/html, image/gif, image/jpeg, *; q=.2, */*; q=.2\",\"Cache-Control\":\"no-cache\",\"Connection\":\"close\",\"Host\":\"localhost:24352\",\"Pragma\":\"no-cache\",\"User-Agent\":\"Java/1.8.0_151\"},\"httpVersion\":\"1.1\",\"method\":\"DELETE\",\"url\":\"/session/60f6f0f0-0d93-11e8-acea-43b85b63b64e\",\"urlParsed\":{\"anchor\":\"\",\"query\":\"\",\"file\":\"60f6f0f0-0d93-11e8-acea-43b85b63b64e\",\"directory\":\"/session/\",\"path\":\"/session/60f6f0f0-0d93-11e8-acea-43b85b63b64e\",\"relative\":\"/session/60f6f0f0-0d93-11e8-acea-43b85b63b64e\",\"port\":\"\",\"host\":\"\",\"password\":\"\",\"user\":\"\",\"userInfo\":\"\",\"authority\":\"\",\"protocol\":\"\",\"source\":\"/session/60f6f0f0-0d93-11e8-acea-43b85b63b64e\",\"queryKey\":{},\"chunks\":[\"session\",\"60f6f0f0-0d93-11e8-acea-43b85b63b64e\"]}}","line":123,"sourceURL":"phantomjs://code/session_manager_request_handler.js","stack":"_deleteSessionCommand@phantomjs://code/session_manager_request_handler.js:123:74\n_handle@phantomjs://code/session_manager_request_handler.js:53:38\n_handle@phantomjs://code/router_request_handler.js:70:37"}
[INFO  - 2018-02-09T12:18:50.597Z] ShutdownReqHand - _handle - About to shutdown
[INFO  - 2018-02-09T12:20:36.939Z] GhostDriver - Main - running on port 32262
[INFO  - 2018-02-09T12:20:37.247Z] Session [a27fd3c0-0d93-11e8-986a-cf798e41dc62] - page.settings - {"XSSAuditingEnabled":false,"javascriptCanCloseWindows":true,"javascriptCanOpenWindows":true,"javascriptEnabled":true,"loadImages":true,"localToRemoteUrlAccessEnabled":false,"userAgent":"Mozilla/5.0 (Unknown; Linux x86_64) AppleWebKit/538.1 (KHTML, like Gecko) PhantomJS/2.1.1 Safari/538.1","webSecurityEnabled":true}
[INFO  - 2018-02-09T12:20:37.247Z] Session [a27fd3c0-0d93-11e8-986a-cf798e41dc62] - page.customHeaders:  - {}
[INFO  - 2018-02-09T12:20:37.247Z] Session [a27fd3c0-0d93-11e8-986a-cf798e41dc62] - Session.negotiatedCapabilities - {"browserName":"phantomjs","version":"2.1.1","driverName":"ghostdriver","driverVersion":"1.2.0","platform":"linux-unknown-64bit","javascriptEnabled":true,"takesScreenshot":true,"handlesAlerts":false,"databaseEnabled":false,"locationContextEnabled":false,"applicationCacheEnabled":false,"browserConnectionEnabled":false,"cssSelectorsEnabled":true,"webStorageEnabled":false,"rotatable":false,"acceptSslCerts":false,"nativeEvents":true,"proxy":{"proxyType":"direct"}}
[INFO  - 2018-02-09T12:20:37.248Z] SessionManagerReqHand - _postNewSessionCommand - New Session Created: a27fd3c0-0d93-11e8-986a-cf798e41dc62
[ERROR - 2018-02-09T12:20:37.862Z] Session [a27fd3c0-0d93-11e8-986a-cf798e41dc62] - page.onError - msg: TypeError: null is not an object (evaluating 'e.addEventListener')
[ERROR - 2018-02-09T12:20:37.865Z] Session [a27fd3c0-0d93-11e8-986a-cf798e41dc62] - page.onError - stack:
  (anonymous function) (http://127.0.0.1:8000/static/dist/js/index.js:1)
[ERROR - 2018-02-09T12:20:38.835Z] Session [a27fd3c0-0d93-11e8-986a-cf798e41dc62] - page.onError - msg: TypeError: null is not an object (evaluating 'e.addEventListener')
[ERROR - 2018-02-09T12:20:38.835Z] Session [a27fd3c0-0d93-11e8-986a-cf798e41dc62] - page.onError - stack:
  (anonymous function) (http://127.0.0.1:8000/static/dist/js/index.js:1)
[ERROR - 2018-02-09T12:20:40.748Z] RouterReqHand - _handle.error - {"name":"Variable Resource Not Found","message":"{\"headers\":{\"Accept\":\"text/html, image/gif, image/jpeg, *; q=.2, */*; q=.2\",\"Cache-Control\":\"no-cache\",\"Connection\":\"close\",\"Host\":\"localhost:32262\",\"Pragma\":\"no-cache\",\"User-Agent\":\"Java/1.8.0_151\"},\"httpVersion\":\"1.1\",\"method\":\"DELETE\",\"url\":\"/session/a27fd3c0-0d93-11e8-986a-cf798e41dc62\",\"urlParsed\":{\"anchor\":\"\",\"query\":\"\",\"file\":\"a27fd3c0-0d93-11e8-986a-cf798e41dc62\",\"directory\":\"/session/\",\"path\":\"/session/a27fd3c0-0d93-11e8-986a-cf798e41dc62\",\"relative\":\"/session/a27fd3c0-0d93-11e8-986a-cf798e41dc62\",\"port\":\"\",\"host\":\"\",\"password\":\"\",\"user\":\"\",\"userInfo\":\"\",\"authority\":\"\",\"protocol\":\"\",\"source\":\"/session/a27fd3c0-0d93-11e8-986a-cf798e41dc62\",\"queryKey\":{},\"chunks\":[\"session\",\"a27fd3c0-0d93-11e8-986a-cf798e41dc62\"]}}","line":123,"sourceURL":"phantomjs://code/session_manager_request_handler.js","stack":"_deleteSessionCommand@phantomjs://code/session_manager_request_handler.js:123:74\n_handle@phantomjs://code/session_manager_request_handler.js:53:38\n_handle@phantomjs://code/router_request_handler.js:70:37"}
[INFO  - 2018-02-09T12:20:40.754Z] ShutdownReqHand - _handle - About to shutdown
[INFO  - 2018-02-09T12:22:46.705Z] GhostDriver - Main - running on port 15384
[INFO  - 2018-02-09T12:22:47.007Z] Session [efd7a1c0-0d93-11e8-8e5a-a9467eba16f4] - page.settings - {"XSSAuditingEnabled":false,"javascriptCanCloseWindows":true,"javascriptCanOpenWindows":true,"javascriptEnabled":true,"loadImages":true,"localToRemoteUrlAccessEnabled":false,"userAgent":"Mozilla/5.0 (Unknown; Linux x86_64) AppleWebKit/538.1 (KHTML, like Gecko) PhantomJS/2.1.1 Safari/538.1","webSecurityEnabled":true}
[INFO  - 2018-02-09T12:22:47.007Z] Session [efd7a1c0-0d93-11e8-8e5a-a9467eba16f4] - page.customHeaders:  - {}
[INFO  - 2018-02-09T12:22:47.007Z] Session [efd7a1c0-0d93-11e8-8e5a-a9467eba16f4] - Session.negotiatedCapabilities - {"browserName":"phantomjs","version":"2.1.1","driverName":"ghostdriver","driverVersion":"1.2.0","platform":"linux-unknown-64bit","javascriptEnabled":true,"takesScreenshot":true,"handlesAlerts":false,"databaseEnabled":false,"locationContextEnabled":false,"applicationCacheEnabled":false,"browserConnectionEnabled":false,"cssSelectorsEnabled":true,"webStorageEnabled":false,"rotatable":false,"acceptSslCerts":false,"nativeEvents":true,"proxy":{"proxyType":"direct"}}
[INFO  - 2018-02-09T12:22:47.007Z] SessionManagerReqHand - _postNewSessionCommand - New Session Created: efd7a1c0-0d93-11e8-8e5a-a9467eba16f4
[ERROR - 2018-02-09T12:22:47.569Z] Session [efd7a1c0-0d93-11e8-8e5a-a9467eba16f4] - page.onError - msg: TypeError: null is not an object (evaluating 'e.addEventListener')
[ERROR - 2018-02-09T12:22:47.570Z] Session [efd7a1c0-0d93-11e8-8e5a-a9467eba16f4] - page.onError - stack:
  (anonymous function) (http://127.0.0.1:8000/static/dist/js/index.js:1)
[ERROR - 2018-02-09T12:22:47.958Z] Session [efd7a1c0-0d93-11e8-8e5a-a9467eba16f4] - page.onError - msg: TypeError: null is not an object (evaluating 'e.addEventListener')
[ERROR - 2018-02-09T12:22:47.959Z] Session [efd7a1c0-0d93-11e8-8e5a-a9467eba16f4] - page.onError - stack:
  (anonymous function) (http://127.0.0.1:8000/static/dist/js/index.js:1)
[ERROR - 2018-02-09T12:22:51.162Z] RouterReqHand - _handle.error - {"name":"Variable Resource Not Found","message":"{\"headers\":{\"Accept\":\"text/html, image/gif, image/jpeg, *; q=.2, */*; q=.2\",\"Cache-Control\":\"no-cache\",\"Connection\":\"close\",\"Host\":\"localhost:15384\",\"Pragma\":\"no-cache\",\"User-Agent\":\"Java/1.8.0_151\"},\"httpVersion\":\"1.1\",\"method\":\"DELETE\",\"url\":\"/session/efd7a1c0-0d93-11e8-8e5a-a9467eba16f4\",\"urlParsed\":{\"anchor\":\"\",\"query\":\"\",\"file\":\"efd7a1c0-0d93-11e8-8e5a-a9467eba16f4\",\"directory\":\"/session/\",\"path\":\"/session/efd7a1c0-0d93-11e8-8e5a-a9467eba16f4\",\"relative\":\"/session/efd7a1c0-0d93-11e8-8e5a-a9467eba16f4\",\"port\":\"\",\"host\":\"\",\"password\":\"\",\"user\":\"\",\"userInfo\":\"\",\"authority\":\"\",\"protocol\":\"\",\"source\":\"/session/efd7a1c0-0d93-11e8-8e5a-a9467eba16f4\",\"queryKey\":{},\"chunks\":[\"session\",\"efd7a1c0-0d93-11e8-8e5a-a9467eba16f4\"]}}","line":123,"sourceURL":"phantomjs://code/session_manager_request_handler.js","stack":"_deleteSessionCommand@phantomjs://code/session_manager_request_handler.js:123:74\n_handle@phantomjs://code/session_manager_request_handler.js:53:38\n_handle@phantomjs://code/router_request_handler.js:70:37"}
[INFO  - 2018-02-09T12:22:51.169Z] ShutdownReqHand - _handle - About to shutdown
[INFO  - 2018-02-09T12:24:51.563Z] GhostDriver - Main - running on port 17189
[INFO  - 2018-02-09T12:24:51.864Z] Session [3a434c50-0d94-11e8-9c0b-61d63a5d2298] - page.settings - {"XSSAuditingEnabled":false,"javascriptCanCloseWindows":true,"javascriptCanOpenWindows":true,"javascriptEnabled":true,"loadImages":true,"localToRemoteUrlAccessEnabled":false,"userAgent":"Mozilla/5.0 (Unknown; Linux x86_64) AppleWebKit/538.1 (KHTML, like Gecko) PhantomJS/2.1.1 Safari/538.1","webSecurityEnabled":true}
[INFO  - 2018-02-09T12:24:51.864Z] Session [3a434c50-0d94-11e8-9c0b-61d63a5d2298] - page.customHeaders:  - {}
[INFO  - 2018-02-09T12:24:51.864Z] Session [3a434c50-0d94-11e8-9c0b-61d63a5d2298] - Session.negotiatedCapabilities - {"browserName":"phantomjs","version":"2.1.1","driverName":"ghostdriver","driverVersion":"1.2.0","platform":"linux-unknown-64bit","javascriptEnabled":true,"takesScreenshot":true,"handlesAlerts":false,"databaseEnabled":false,"locationContextEnabled":false,"applicationCacheEnabled":false,"browserConnectionEnabled":false,"cssSelectorsEnabled":true,"webStorageEnabled":false,"rotatable":false,"acceptSslCerts":false,"nativeEvents":true,"proxy":{"proxyType":"direct"}}
[INFO  - 2018-02-09T12:24:51.864Z] SessionManagerReqHand - _postNewSessionCommand - New Session Created: 3a434c50-0d94-11e8-9c0b-61d63a5d2298
[ERROR - 2018-02-09T12:24:52.457Z] Session [3a434c50-0d94-11e8-9c0b-61d63a5d2298] - page.onError - msg: TypeError: null is not an object (evaluating 'e.addEventListener')
[ERROR - 2018-02-09T12:24:52.459Z] Session [3a434c50-0d94-11e8-9c0b-61d63a5d2298] - page.onError - stack:
  (anonymous function) (http://127.0.0.1:8000/static/dist/js/index.js:1)
[ERROR - 2018-02-09T12:24:52.943Z] Session [3a434c50-0d94-11e8-9c0b-61d63a5d2298] - page.onError - msg: TypeError: null is not an object (evaluating 'e.addEventListener')
[ERROR - 2018-02-09T12:24:52.943Z] Session [3a434c50-0d94-11e8-9c0b-61d63a5d2298] - page.onError - stack:
  (anonymous function) (http://127.0.0.1:8000/static/dist/js/index.js:1)
[ERROR - 2018-02-09T12:24:54.807Z] RouterReqHand - _handle.error - {"name":"Variable Resource Not Found","message":"{\"headers\":{\"Accept\":\"text/html, image/gif, image/jpeg, *; q=.2, */*; q=.2\",\"Cache-Control\":\"no-cache\",\"Connection\":\"close\",\"Host\":\"localhost:17189\",\"Pragma\":\"no-cache\",\"User-Agent\":\"Java/1.8.0_151\"},\"httpVersion\":\"1.1\",\"method\":\"DELETE\",\"url\":\"/session/3a434c50-0d94-11e8-9c0b-61d63a5d2298\",\"urlParsed\":{\"anchor\":\"\",\"query\":\"\",\"file\":\"3a434c50-0d94-11e8-9c0b-61d63a5d2298\",\"directory\":\"/session/\",\"path\":\"/session/3a434c50-0d94-11e8-9c0b-61d63a5d2298\",\"relative\":\"/session/3a434c50-0d94-11e8-9c0b-61d63a5d2298\",\"port\":\"\",\"host\":\"\",\"password\":\"\",\"user\":\"\",\"userInfo\":\"\",\"authority\":\"\",\"protocol\":\"\",\"source\":\"/session/3a434c50-0d94-11e8-9c0b-61d63a5d2298\",\"queryKey\":{},\"chunks\":[\"session\",\"3a434c50-0d94-11e8-9c0b-61d63a5d2298\"]}}","line":123,"sourceURL":"phantomjs://code/session_manager_request_handler.js","stack":"_deleteSessionCommand@phantomjs://code/session_manager_request_handler.js:123:74\n_handle@phantomjs://code/session_manager_request_handler.js:53:38\n_handle@phantomjs://code/router_request_handler.js:70:37"}
[INFO  - 2018-02-09T12:24:54.812Z] ShutdownReqHand - _handle - About to shutdown
[INFO  - 2018-02-09T12:26:24.422Z] GhostDriver - Main - running on port 4545
[INFO  - 2018-02-09T12:26:24.744Z] Session [719f8240-0d94-11e8-93b1-c56e4fad2fd5] - page.settings - {"XSSAuditingEnabled":false,"javascriptCanCloseWindows":true,"javascriptCanOpenWindows":true,"javascriptEnabled":true,"loadImages":true,"localToRemoteUrlAccessEnabled":false,"userAgent":"Mozilla/5.0 (Unknown; Linux x86_64) AppleWebKit/538.1 (KHTML, like Gecko) PhantomJS/2.1.1 Safari/538.1","webSecurityEnabled":true}
[INFO  - 2018-02-09T12:26:24.744Z] Session [719f8240-0d94-11e8-93b1-c56e4fad2fd5] - page.customHeaders:  - {}
[INFO  - 2018-02-09T12:26:24.744Z] Session [719f8240-0d94-11e8-93b1-c56e4fad2fd5] - Session.negotiatedCapabilities - {"browserName":"phantomjs","version":"2.1.1","driverName":"ghostdriver","driverVersion":"1.2.0","platform":"linux-unknown-64bit","javascriptEnabled":true,"takesScreenshot":true,"handlesAlerts":false,"databaseEnabled":false,"locationContextEnabled":false,"applicationCacheEnabled":false,"browserConnectionEnabled":false,"cssSelectorsEnabled":true,"webStorageEnabled":false,"rotatable":false,"acceptSslCerts":false,"nativeEvents":true,"proxy":{"proxyType":"direct"}}
[INFO  - 2018-02-09T12:26:24.744Z] SessionManagerReqHand - _postNewSessionCommand - New Session Created: 719f8240-0d94-11e8-93b1-c56e4fad2fd5
[ERROR - 2018-02-09T12:26:25.525Z] Session [719f8240-0d94-11e8-93b1-c56e4fad2fd5] - page.onError - msg: TypeError: null is not an object (evaluating 'e.addEventListener')
[ERROR - 2018-02-09T12:26:25.528Z] Session [719f8240-0d94-11e8-93b1-c56e4fad2fd5] - page.onError - stack:
  (anonymous function) (http://127.0.0.1:8000/static/dist/js/index.js:1)
[ERROR - 2018-02-09T12:26:25.949Z] Session [719f8240-0d94-11e8-93b1-c56e4fad2fd5] - page.onError - msg: TypeError: null is not an object (evaluating 'e.addEventListener')
[ERROR - 2018-02-09T12:26:25.949Z] Session [719f8240-0d94-11e8-93b1-c56e4fad2fd5] - page.onError - stack:
  (anonymous function) (http://127.0.0.1:8000/static/dist/js/index.js:1)
[ERROR - 2018-02-09T12:26:27.434Z] WebElementLocator - _handleLocateCommand - Element(s) NOT Found: GAVE UP. Search Stop Time: 1518179187406
[ERROR - 2018-02-09T12:26:28.857Z] RouterReqHand - _handle.error - {"name":"Variable Resource Not Found","message":"{\"headers\":{\"Accept\":\"text/html, image/gif, image/jpeg, *; q=.2, */*; q=.2\",\"Cache-Control\":\"no-cache\",\"Connection\":\"close\",\"Host\":\"localhost:4545\",\"Pragma\":\"no-cache\",\"User-Agent\":\"Java/1.8.0_151\"},\"httpVersion\":\"1.1\",\"method\":\"DELETE\",\"url\":\"/session/719f8240-0d94-11e8-93b1-c56e4fad2fd5\",\"urlParsed\":{\"anchor\":\"\",\"query\":\"\",\"file\":\"719f8240-0d94-11e8-93b1-c56e4fad2fd5\",\"directory\":\"/session/\",\"path\":\"/session/719f8240-0d94-11e8-93b1-c56e4fad2fd5\",\"relative\":\"/session/719f8240-0d94-11e8-93b1-c56e4fad2fd5\",\"port\":\"\",\"host\":\"\",\"password\":\"\",\"user\":\"\",\"userInfo\":\"\",\"authority\":\"\",\"protocol\":\"\",\"source\":\"/session/719f8240-0d94-11e8-93b1-c56e4fad2fd5\",\"queryKey\":{},\"chunks\":[\"session\",\"719f8240-0d94-11e8-93b1-c56e4fad2fd5\"]}}","line":123,"sourceURL":"phantomjs://code/session_manager_request_handler.js","stack":"_deleteSessionCommand@phantomjs://code/session_manager_request_handler.js:123:74\n_handle@phantomjs://code/session_manager_request_handler.js:53:38\n_handle@phantomjs://code/router_request_handler.js:70:37"}
[INFO  - 2018-02-09T12:26:28.861Z] ShutdownReqHand - _handle - About to shutdown
[INFO  - 2018-02-09T12:27:20.135Z] GhostDriver - Main - running on port 19182
[INFO  - 2018-02-09T12:27:20.158Z] Session [92a72ab0-0d94-11e8-a3c5-f99da1dc23a1] - page.settings - {"XSSAuditingEnabled":false,"javascriptCanCloseWindows":true,"javascriptCanOpenWindows":true,"javascriptEnabled":true,"loadImages":true,"localToRemoteUrlAccessEnabled":false,"userAgent":"Mozilla/5.0 (Unknown; Linux x86_64) AppleWebKit/538.1 (KHTML, like Gecko) PhantomJS/2.1.1 Safari/538.1","webSecurityEnabled":true}
[INFO  - 2018-02-09T12:27:20.158Z] Session [92a72ab0-0d94-11e8-a3c5-f99da1dc23a1] - page.customHeaders:  - {}
[INFO  - 2018-02-09T12:27:20.158Z] Session [92a72ab0-0d94-11e8-a3c5-f99da1dc23a1] - Session.negotiatedCapabilities - {"browserName":"phantomjs","version":"2.1.1","driverName":"ghostdriver","driverVersion":"1.2.0","platform":"linux-unknown-64bit","javascriptEnabled":true,"takesScreenshot":true,"handlesAlerts":false,"databaseEnabled":false,"locationContextEnabled":false,"applicationCacheEnabled":false,"browserConnectionEnabled":false,"cssSelectorsEnabled":true,"webStorageEnabled":false,"rotatable":false,"acceptSslCerts":false,"nativeEvents":true,"proxy":{"proxyType":"direct"}}
[INFO  - 2018-02-09T12:27:20.159Z] SessionManagerReqHand - _postNewSessionCommand - New Session Created: 92a72ab0-0d94-11e8-a3c5-f99da1dc23a1
[ERROR - 2018-02-09T12:27:20.541Z] Session [92a72ab0-0d94-11e8-a3c5-f99da1dc23a1] - page.onError - msg: TypeError: null is not an object (evaluating 'e.addEventListener')
[ERROR - 2018-02-09T12:27:20.542Z] Session [92a72ab0-0d94-11e8-a3c5-f99da1dc23a1] - page.onError - stack:
  (anonymous function) (http://127.0.0.1:8000/static/dist/js/index.js:1)
[ERROR - 2018-02-09T12:27:20.880Z] Session [92a72ab0-0d94-11e8-a3c5-f99da1dc23a1] - page.onError - msg: TypeError: null is not an object (evaluating 'e.addEventListener')
[ERROR - 2018-02-09T12:27:20.880Z] Session [92a72ab0-0d94-11e8-a3c5-f99da1dc23a1] - page.onError - stack:
  (anonymous function) (http://127.0.0.1:8000/static/dist/js/index.js:1)
[ERROR - 2018-02-09T12:27:21.474Z] WebElementLocator - _handleLocateCommand - Element(s) NOT Found: GAVE UP. Search Stop Time: 1518179241440
[ERROR - 2018-02-09T12:27:22.790Z] RouterReqHand - _handle.error - {"name":"Variable Resource Not Found","message":"{\"headers\":{\"Accept\":\"text/html, image/gif, image/jpeg, *; q=.2, */*; q=.2\",\"Cache-Control\":\"no-cache\",\"Connection\":\"close\",\"Host\":\"localhost:19182\",\"Pragma\":\"no-cache\",\"User-Agent\":\"Java/1.8.0_151\"},\"httpVersion\":\"1.1\",\"method\":\"DELETE\",\"url\":\"/session/92a72ab0-0d94-11e8-a3c5-f99da1dc23a1\",\"urlParsed\":{\"anchor\":\"\",\"query\":\"\",\"file\":\"92a72ab0-0d94-11e8-a3c5-f99da1dc23a1\",\"directory\":\"/session/\",\"path\":\"/session/92a72ab0-0d94-11e8-a3c5-f99da1dc23a1\",\"relative\":\"/session/92a72ab0-0d94-11e8-a3c5-f99da1dc23a1\",\"port\":\"\",\"host\":\"\",\"password\":\"\",\"user\":\"\",\"userInfo\":\"\",\"authority\":\"\",\"protocol\":\"\",\"source\":\"/session/92a72ab0-0d94-11e8-a3c5-f99da1dc23a1\",\"queryKey\":{},\"chunks\":[\"session\",\"92a72ab0-0d94-11e8-a3c5-f99da1dc23a1\"]}}","line":123,"sourceURL":"phantomjs://code/session_manager_request_handler.js","stack":"_deleteSessionCommand@phantomjs://code/session_manager_request_handler.js:123:74\n_handle@phantomjs://code/session_manager_request_handler.js:53:38\n_handle@phantomjs://code/router_request_handler.js:70:37"}
[INFO  - 2018-02-09T12:27:22.793Z] ShutdownReqHand - _handle - About to shutdown
[INFO  - 2018-02-09T12:27:53.899Z] GhostDriver - Main - running on port 4929
[INFO  - 2018-02-09T12:27:53.927Z] Session [a6c7e840-0d94-11e8-835c-dbdf96091dad] - page.settings - {"XSSAuditingEnabled":false,"javascriptCanCloseWindows":true,"javascriptCanOpenWindows":true,"javascriptEnabled":true,"loadImages":true,"localToRemoteUrlAccessEnabled":false,"userAgent":"Mozilla/5.0 (Unknown; Linux x86_64) AppleWebKit/538.1 (KHTML, like Gecko) PhantomJS/2.1.1 Safari/538.1","webSecurityEnabled":true}
[INFO  - 2018-02-09T12:27:53.927Z] Session [a6c7e840-0d94-11e8-835c-dbdf96091dad] - page.customHeaders:  - {}
[INFO  - 2018-02-09T12:27:53.927Z] Session [a6c7e840-0d94-11e8-835c-dbdf96091dad] - Session.negotiatedCapabilities - {"browserName":"phantomjs","version":"2.1.1","driverName":"ghostdriver","driverVersion":"1.2.0","platform":"linux-unknown-64bit","javascriptEnabled":true,"takesScreenshot":true,"handlesAlerts":false,"databaseEnabled":false,"locationContextEnabled":false,"applicationCacheEnabled":false,"browserConnectionEnabled":false,"cssSelectorsEnabled":true,"webStorageEnabled":false,"rotatable":false,"acceptSslCerts":false,"nativeEvents":true,"proxy":{"proxyType":"direct"}}
[INFO  - 2018-02-09T12:27:53.927Z] SessionManagerReqHand - _postNewSessionCommand - New Session Created: a6c7e840-0d94-11e8-835c-dbdf96091dad
[ERROR - 2018-02-09T12:27:54.219Z] Session [a6c7e840-0d94-11e8-835c-dbdf96091dad] - page.onError - msg: TypeError: null is not an object (evaluating 'e.addEventListener')
[ERROR - 2018-02-09T12:27:54.220Z] Session [a6c7e840-0d94-11e8-835c-dbdf96091dad] - page.onError - stack:
  (anonymous function) (http://127.0.0.1:8000/static/dist/js/index.js:1)
[ERROR - 2018-02-09T12:27:54.554Z] Session [a6c7e840-0d94-11e8-835c-dbdf96091dad] - page.onError - msg: TypeError: null is not an object (evaluating 'e.addEventListener')
[ERROR - 2018-02-09T12:27:54.554Z] Session [a6c7e840-0d94-11e8-835c-dbdf96091dad] - page.onError - stack:
  (anonymous function) (http://127.0.0.1:8000/static/dist/js/index.js:1)
[ERROR - 2018-02-09T12:27:56.893Z] RouterReqHand - _handle.error - {"name":"Variable Resource Not Found","message":"{\"headers\":{\"Accept\":\"text/html, image/gif, image/jpeg, *; q=.2, */*; q=.2\",\"Cache-Control\":\"no-cache\",\"Connection\":\"close\",\"Host\":\"localhost:4929\",\"Pragma\":\"no-cache\",\"User-Agent\":\"Java/1.8.0_151\"},\"httpVersion\":\"1.1\",\"method\":\"DELETE\",\"url\":\"/session/a6c7e840-0d94-11e8-835c-dbdf96091dad\",\"urlParsed\":{\"anchor\":\"\",\"query\":\"\",\"file\":\"a6c7e840-0d94-11e8-835c-dbdf96091dad\",\"directory\":\"/session/\",\"path\":\"/session/a6c7e840-0d94-11e8-835c-dbdf96091dad\",\"relative\":\"/session/a6c7e840-0d94-11e8-835c-dbdf96091dad\",\"port\":\"\",\"host\":\"\",\"password\":\"\",\"user\":\"\",\"userInfo\":\"\",\"authority\":\"\",\"protocol\":\"\",\"source\":\"/session/a6c7e840-0d94-11e8-835c-dbdf96091dad\",\"queryKey\":{},\"chunks\":[\"session\",\"a6c7e840-0d94-11e8-835c-dbdf96091dad\"]}}","line":123,"sourceURL":"phantomjs://code/session_manager_request_handler.js","stack":"_deleteSessionCommand@phantomjs://code/session_manager_request_handler.js:123:74\n_handle@phantomjs://code/session_manager_request_handler.js:53:38\n_handle@phantomjs://code/router_request_handler.js:70:37"}
[INFO  - 2018-02-09T12:27:56.898Z] ShutdownReqHand - _handle - About to shutdown
[INFO  - 2018-02-09T12:28:48.088Z] GhostDriver - Main - running on port 17255
[INFO  - 2018-02-09T12:28:48.103Z] Session [c7128240-0d94-11e8-8ef3-e13e29d64f57] - page.settings - {"XSSAuditingEnabled":false,"javascriptCanCloseWindows":true,"javascriptCanOpenWindows":true,"javascriptEnabled":true,"loadImages":true,"localToRemoteUrlAccessEnabled":false,"userAgent":"Mozilla/5.0 (Unknown; Linux x86_64) AppleWebKit/538.1 (KHTML, like Gecko) PhantomJS/2.1.1 Safari/538.1","webSecurityEnabled":true}
[INFO  - 2018-02-09T12:28:48.103Z] Session [c7128240-0d94-11e8-8ef3-e13e29d64f57] - page.customHeaders:  - {}
[INFO  - 2018-02-09T12:28:48.104Z] Session [c7128240-0d94-11e8-8ef3-e13e29d64f57] - Session.negotiatedCapabilities - {"browserName":"phantomjs","version":"2.1.1","driverName":"ghostdriver","driverVersion":"1.2.0","platform":"linux-unknown-64bit","javascriptEnabled":true,"takesScreenshot":true,"handlesAlerts":false,"databaseEnabled":false,"locationContextEnabled":false,"applicationCacheEnabled":false,"browserConnectionEnabled":false,"cssSelectorsEnabled":true,"webStorageEnabled":false,"rotatable":false,"acceptSslCerts":false,"nativeEvents":true,"proxy":{"proxyType":"direct"}}
[INFO  - 2018-02-09T12:28:48.104Z] SessionManagerReqHand - _postNewSessionCommand - New Session Created: c7128240-0d94-11e8-8ef3-e13e29d64f57
[ERROR - 2018-02-09T12:28:48.441Z] Session [c7128240-0d94-11e8-8ef3-e13e29d64f57] - page.onError - msg: TypeError: null is not an object (evaluating 'e.addEventListener')
[ERROR - 2018-02-09T12:28:48.442Z] Session [c7128240-0d94-11e8-8ef3-e13e29d64f57] - page.onError - stack:
  (anonymous function) (http://127.0.0.1:8000/static/dist/js/index.js:1)
[ERROR - 2018-02-09T12:28:48.788Z] Session [c7128240-0d94-11e8-8ef3-e13e29d64f57] - page.onError - msg: TypeError: null is not an object (evaluating 'e.addEventListener')
[ERROR - 2018-02-09T12:28:48.789Z] Session [c7128240-0d94-11e8-8ef3-e13e29d64f57] - page.onError - stack:
  (anonymous function) (http://127.0.0.1:8000/static/dist/js/index.js:1)
[ERROR - 2018-02-09T12:28:51.074Z] RouterReqHand - _handle.error - {"name":"Variable Resource Not Found","message":"{\"headers\":{\"Accept\":\"text/html, image/gif, image/jpeg, *; q=.2, */*; q=.2\",\"Cache-Control\":\"no-cache\",\"Connection\":\"close\",\"Host\":\"localhost:17255\",\"Pragma\":\"no-cache\",\"User-Agent\":\"Java/1.8.0_151\"},\"httpVersion\":\"1.1\",\"method\":\"DELETE\",\"url\":\"/session/c7128240-0d94-11e8-8ef3-e13e29d64f57\",\"urlParsed\":{\"anchor\":\"\",\"query\":\"\",\"file\":\"c7128240-0d94-11e8-8ef3-e13e29d64f57\",\"directory\":\"/session/\",\"path\":\"/session/c7128240-0d94-11e8-8ef3-e13e29d64f57\",\"relative\":\"/session/c7128240-0d94-11e8-8ef3-e13e29d64f57\",\"port\":\"\",\"host\":\"\",\"password\":\"\",\"user\":\"\",\"userInfo\":\"\",\"authority\":\"\",\"protocol\":\"\",\"source\":\"/session/c7128240-0d94-11e8-8ef3-e13e29d64f57\",\"queryKey\":{},\"chunks\":[\"session\",\"c7128240-0d94-11e8-8ef3-e13e29d64f57\"]}}","line":123,"sourceURL":"phantomjs://code/session_manager_request_handler.js","stack":"_deleteSessionCommand@phantomjs://code/session_manager_request_handler.js:123:74\n_handle@phantomjs://code/session_manager_request_handler.js:53:38\n_handle@phantomjs://code/router_request_handler.js:70:37"}
[INFO  - 2018-02-09T12:28:51.078Z] ShutdownReqHand - _handle - About to shutdown
[INFO  - 2018-02-09T12:30:27.926Z] GhostDriver - Main - running on port 2132
[INFO  - 2018-02-09T12:30:27.954Z] Session [02968ff0-0d95-11e8-b696-191c56868a93] - page.settings - {"XSSAuditingEnabled":false,"javascriptCanCloseWindows":true,"javascriptCanOpenWindows":true,"javascriptEnabled":true,"loadImages":true,"localToRemoteUrlAccessEnabled":false,"userAgent":"Mozilla/5.0 (Unknown; Linux x86_64) AppleWebKit/538.1 (KHTML, like Gecko) PhantomJS/2.1.1 Safari/538.1","webSecurityEnabled":true}
[INFO  - 2018-02-09T12:30:27.954Z] Session [02968ff0-0d95-11e8-b696-191c56868a93] - page.customHeaders:  - {}
[INFO  - 2018-02-09T12:30:27.954Z] Session [02968ff0-0d95-11e8-b696-191c56868a93] - Session.negotiatedCapabilities - {"browserName":"phantomjs","version":"2.1.1","driverName":"ghostdriver","driverVersion":"1.2.0","platform":"linux-unknown-64bit","javascriptEnabled":true,"takesScreenshot":true,"handlesAlerts":false,"databaseEnabled":false,"locationContextEnabled":false,"applicationCacheEnabled":false,"browserConnectionEnabled":false,"cssSelectorsEnabled":true,"webStorageEnabled":false,"rotatable":false,"acceptSslCerts":false,"nativeEvents":true,"proxy":{"proxyType":"direct"}}
[INFO  - 2018-02-09T12:30:27.954Z] SessionManagerReqHand - _postNewSessionCommand - New Session Created: 02968ff0-0d95-11e8-b696-191c56868a93
[ERROR - 2018-02-09T12:30:28.304Z] Session [02968ff0-0d95-11e8-b696-191c56868a93] - page.onError - msg: TypeError: null is not an object (evaluating 'e.addEventListener')
[ERROR - 2018-02-09T12:30:28.305Z] Session [02968ff0-0d95-11e8-b696-191c56868a93] - page.onError - stack:
  (anonymous function) (http://127.0.0.1:8000/static/dist/js/index.js:1)
[ERROR - 2018-02-09T12:30:28.784Z] Session [02968ff0-0d95-11e8-b696-191c56868a93] - page.onError - msg: TypeError: null is not an object (evaluating 'e.addEventListener')
[ERROR - 2018-02-09T12:30:28.784Z] Session [02968ff0-0d95-11e8-b696-191c56868a93] - page.onError - stack:
  (anonymous function) (http://127.0.0.1:8000/static/dist/js/index.js:1)
[ERROR - 2018-02-09T12:30:33.106Z] RouterReqHand - _handle.error - {"name":"Variable Resource Not Found","message":"{\"headers\":{\"Accept\":\"text/html, image/gif, image/jpeg, *; q=.2, */*; q=.2\",\"Cache-Control\":\"no-cache\",\"Connection\":\"close\",\"Host\":\"localhost:2132\",\"Pragma\":\"no-cache\",\"User-Agent\":\"Java/1.8.0_151\"},\"httpVersion\":\"1.1\",\"method\":\"DELETE\",\"url\":\"/session/02968ff0-0d95-11e8-b696-191c56868a93\",\"urlParsed\":{\"anchor\":\"\",\"query\":\"\",\"file\":\"02968ff0-0d95-11e8-b696-191c56868a93\",\"directory\":\"/session/\",\"path\":\"/session/02968ff0-0d95-11e8-b696-191c56868a93\",\"relative\":\"/session/02968ff0-0d95-11e8-b696-191c56868a93\",\"port\":\"\",\"host\":\"\",\"password\":\"\",\"user\":\"\",\"userInfo\":\"\",\"authority\":\"\",\"protocol\":\"\",\"source\":\"/session/02968ff0-0d95-11e8-b696-191c56868a93\",\"queryKey\":{},\"chunks\":[\"session\",\"02968ff0-0d95-11e8-b696-191c56868a93\"]}}","line":123,"sourceURL":"phantomjs://code/session_manager_request_handler.js","stack":"_deleteSessionCommand@phantomjs://code/session_manager_request_handler.js:123:74\n_handle@phantomjs://code/session_manager_request_handler.js:53:38\n_handle@phantomjs://code/router_request_handler.js:70:37"}
[INFO  - 2018-02-09T12:30:33.110Z] ShutdownReqHand - _handle - About to shutdown
[INFO  - 2018-02-09T12:35:23.932Z] GhostDriver - Main - running on port 14365
[INFO  - 2018-02-09T12:35:24.085Z] Session [b317f4e0-0d95-11e8-8c3f-b35abfb36f88] - page.settings - {"XSSAuditingEnabled":false,"javascriptCanCloseWindows":true,"javascriptCanOpenWindows":true,"javascriptEnabled":true,"loadImages":true,"localToRemoteUrlAccessEnabled":false,"userAgent":"Mozilla/5.0 (Unknown; Linux x86_64) AppleWebKit/538.1 (KHTML, like Gecko) PhantomJS/2.1.1 Safari/538.1","webSecurityEnabled":true}
[INFO  - 2018-02-09T12:35:24.085Z] Session [b317f4e0-0d95-11e8-8c3f-b35abfb36f88] - page.customHeaders:  - {}
[INFO  - 2018-02-09T12:35:24.086Z] Session [b317f4e0-0d95-11e8-8c3f-b35abfb36f88] - Session.negotiatedCapabilities - {"browserName":"phantomjs","version":"2.1.1","driverName":"ghostdriver","driverVersion":"1.2.0","platform":"linux-unknown-64bit","javascriptEnabled":true,"takesScreenshot":true,"handlesAlerts":false,"databaseEnabled":false,"locationContextEnabled":false,"applicationCacheEnabled":false,"browserConnectionEnabled":false,"cssSelectorsEnabled":true,"webStorageEnabled":false,"rotatable":false,"acceptSslCerts":false,"nativeEvents":true,"proxy":{"proxyType":"direct"}}
[INFO  - 2018-02-09T12:35:24.086Z] SessionManagerReqHand - _postNewSessionCommand - New Session Created: b317f4e0-0d95-11e8-8c3f-b35abfb36f88
[ERROR - 2018-02-09T12:35:24.389Z] Session [b317f4e0-0d95-11e8-8c3f-b35abfb36f88] - page.onError - msg: TypeError: null is not an object (evaluating 'e.addEventListener')
[ERROR - 2018-02-09T12:35:24.390Z] Session [b317f4e0-0d95-11e8-8c3f-b35abfb36f88] - page.onError - stack:
  (anonymous function) (http://127.0.0.1:8000/static/dist/js/index.js:1)
[ERROR - 2018-02-09T12:35:24.886Z] Session [b317f4e0-0d95-11e8-8c3f-b35abfb36f88] - page.onError - msg: TypeError: null is not an object (evaluating 'e.addEventListener')
[ERROR - 2018-02-09T12:35:24.886Z] Session [b317f4e0-0d95-11e8-8c3f-b35abfb36f88] - page.onError - stack:
  (anonymous function) (http://127.0.0.1:8000/static/dist/js/index.js:1)
[ERROR - 2018-02-09T12:35:26.289Z] RouterReqHand - _handle.error - {"name":"Variable Resource Not Found","message":"{\"headers\":{\"Accept\":\"text/html, image/gif, image/jpeg, *; q=.2, */*; q=.2\",\"Cache-Control\":\"no-cache\",\"Connection\":\"close\",\"Host\":\"localhost:14365\",\"Pragma\":\"no-cache\",\"User-Agent\":\"Java/1.8.0_151\"},\"httpVersion\":\"1.1\",\"method\":\"DELETE\",\"url\":\"/session/b317f4e0-0d95-11e8-8c3f-b35abfb36f88\",\"urlParsed\":{\"anchor\":\"\",\"query\":\"\",\"file\":\"b317f4e0-0d95-11e8-8c3f-b35abfb36f88\",\"directory\":\"/session/\",\"path\":\"/session/b317f4e0-0d95-11e8-8c3f-b35abfb36f88\",\"relative\":\"/session/b317f4e0-0d95-11e8-8c3f-b35abfb36f88\",\"port\":\"\",\"host\":\"\",\"password\":\"\",\"user\":\"\",\"userInfo\":\"\",\"authority\":\"\",\"protocol\":\"\",\"source\":\"/session/b317f4e0-0d95-11e8-8c3f-b35abfb36f88\",\"queryKey\":{},\"chunks\":[\"session\",\"b317f4e0-0d95-11e8-8c3f-b35abfb36f88\"]}}","line":123,"sourceURL":"phantomjs://code/session_manager_request_handler.js","stack":"_deleteSessionCommand@phantomjs://code/session_manager_request_handler.js:123:74\n_handle@phantomjs://code/session_manager_request_handler.js:53:38\n_handle@phantomjs://code/router_request_handler.js:70:37"}
[INFO  - 2018-02-09T12:35:26.293Z] ShutdownReqHand - _handle - About to shutdown
[INFO  - 2018-02-09T13:06:55.771Z] GhostDriver - Main - running on port 22588
[INFO  - 2018-02-09T13:06:55.917Z] Session [1ab6c370-0d9a-11e8-8321-4545c2edf7a9] - page.settings - {"XSSAuditingEnabled":false,"javascriptCanCloseWindows":true,"javascriptCanOpenWindows":true,"javascriptEnabled":true,"loadImages":true,"localToRemoteUrlAccessEnabled":false,"userAgent":"Mozilla/5.0 (Unknown; Linux x86_64) AppleWebKit/538.1 (KHTML, like Gecko) PhantomJS/2.1.1 Safari/538.1","webSecurityEnabled":true}
[INFO  - 2018-02-09T13:06:55.918Z] Session [1ab6c370-0d9a-11e8-8321-4545c2edf7a9] - page.customHeaders:  - {}
[INFO  - 2018-02-09T13:06:55.918Z] Session [1ab6c370-0d9a-11e8-8321-4545c2edf7a9] - Session.negotiatedCapabilities - {"browserName":"phantomjs","version":"2.1.1","driverName":"ghostdriver","driverVersion":"1.2.0","platform":"linux-unknown-64bit","javascriptEnabled":true,"takesScreenshot":true,"handlesAlerts":false,"databaseEnabled":false,"locationContextEnabled":false,"applicationCacheEnabled":false,"browserConnectionEnabled":false,"cssSelectorsEnabled":true,"webStorageEnabled":false,"rotatable":false,"acceptSslCerts":false,"nativeEvents":true,"proxy":{"proxyType":"direct"}}
[INFO  - 2018-02-09T13:06:55.919Z] SessionManagerReqHand - _postNewSessionCommand - New Session Created: 1ab6c370-0d9a-11e8-8321-4545c2edf7a9
[ERROR - 2018-02-09T13:06:56.270Z] Session [1ab6c370-0d9a-11e8-8321-4545c2edf7a9] - page.onError - msg: TypeError: null is not an object (evaluating 'e.addEventListener')
[ERROR - 2018-02-09T13:06:56.271Z] Session [1ab6c370-0d9a-11e8-8321-4545c2edf7a9] - page.onError - stack:
  (anonymous function) (http://127.0.0.1:8000/static/dist/js/index.js:1)
[ERROR - 2018-02-09T13:06:57.021Z] Session [1ab6c370-0d9a-11e8-8321-4545c2edf7a9] - page.onError - msg: TypeError: null is not an object (evaluating 'e.addEventListener')
[ERROR - 2018-02-09T13:06:57.021Z] Session [1ab6c370-0d9a-11e8-8321-4545c2edf7a9] - page.onError - stack:
  (anonymous function) (http://127.0.0.1:8000/static/dist/js/index.js:1)
[ERROR - 2018-02-09T13:06:58.770Z] RouterReqHand - _handle.error - {"name":"Variable Resource Not Found","message":"{\"headers\":{\"Accept\":\"text/html, image/gif, image/jpeg, *; q=.2, */*; q=.2\",\"Cache-Control\":\"no-cache\",\"Connection\":\"close\",\"Host\":\"localhost:22588\",\"Pragma\":\"no-cache\",\"User-Agent\":\"Java/1.8.0_151\"},\"httpVersion\":\"1.1\",\"method\":\"DELETE\",\"url\":\"/session/1ab6c370-0d9a-11e8-8321-4545c2edf7a9\",\"urlParsed\":{\"anchor\":\"\",\"query\":\"\",\"file\":\"1ab6c370-0d9a-11e8-8321-4545c2edf7a9\",\"directory\":\"/session/\",\"path\":\"/session/1ab6c370-0d9a-11e8-8321-4545c2edf7a9\",\"relative\":\"/session/1ab6c370-0d9a-11e8-8321-4545c2edf7a9\",\"port\":\"\",\"host\":\"\",\"password\":\"\",\"user\":\"\",\"userInfo\":\"\",\"authority\":\"\",\"protocol\":\"\",\"source\":\"/session/1ab6c370-0d9a-11e8-8321-4545c2edf7a9\",\"queryKey\":{},\"chunks\":[\"session\",\"1ab6c370-0d9a-11e8-8321-4545c2edf7a9\"]}}","line":123,"sourceURL":"phantomjs://code/session_manager_request_handler.js","stack":"_deleteSessionCommand@phantomjs://code/session_manager_request_handler.js:123:74\n_handle@phantomjs://code/session_manager_request_handler.js:53:38\n_handle@phantomjs://code/router_request_handler.js:70:37"}
[INFO  - 2018-02-09T13:06:58.773Z] ShutdownReqHand - _handle - About to shutdown
